2023-10-23 13:26:20,104 DEBUG    root            Loaded Command Group: ['gcloud', 'components']
2023-10-23 13:26:20,107 DEBUG    root            Loaded Command Group: ['gcloud', 'components', 'update']
2023-10-23 13:26:20,110 DEBUG    root            Running [gcloud.components.update] with arguments: [--quiet: "True", COMPONENT-IDS:8: "['gcloud', 'core', 'bq', 'gsutil', 'compute', 'preview', 'alpha', 'beta']"]
2023-10-23 13:26:20,111 INFO     ___FILE_ONLY___ Beginning update. This process may take several minutes.

2023-10-23 13:26:20,117 DEBUG    urllib3.connectionpool Starting new HTTPS connection (1): dl.google.com:443
2023-10-23 13:26:20,270 DEBUG    urllib3.connectionpool https://dl.google.com:443 "GET /dl/cloudsdk/channels/rapid/components-2.json HTTP/1.1" 200 209943
2023-10-23 13:26:20,293 WARNING  root            Component [compute] no longer exists.
2023-10-23 13:26:20,293 WARNING  root            Component [preview] no longer exists.
2023-10-23 13:26:20,295 INFO     ___FILE_ONLY___ 

2023-10-23 13:26:20,295 INFO     ___FILE_ONLY___ 
Your current Google Cloud CLI version is: 451.0.1

2023-10-23 13:26:20,295 INFO     ___FILE_ONLY___ Installing components from version: 451.0.1

2023-10-23 13:26:20,295 INFO     ___FILE_ONLY___ 

2023-10-23 13:26:20,296 DEBUG    root            Chosen display Format:table[box,title="These components will be removed."](details.display_name:label=Name:align=left,version.version_string:label=Version:align=right,data.size.size(zero="",min=1048576):label=Size:align=right)
2023-10-23 13:26:20,297 DEBUG    root            Chosen display Format:table[box,title="These components will be updated."](details.display_name:label=Name:align=left,version.version_string:label=Version:align=right,data.size.size(zero="",min=1048576):label=Size:align=right)
2023-10-23 13:26:20,297 DEBUG    root            Chosen display Format:table[box,title="These components will be installed."](details.display_name:label=Name:align=left,version.version_string:label=Version:align=right,data.size.size(zero="",min=1048576):label=Size:align=right)
2023-10-23 13:26:20,299 INFO     ___FILE_ONLY___ ┌──────────────────────────────────────────────┐
2023-10-23 13:26:20,299 INFO     ___FILE_ONLY___ 

2023-10-23 13:26:20,300 INFO     ___FILE_ONLY___ │     These components will be installed.      │
2023-10-23 13:26:20,300 INFO     ___FILE_ONLY___ 

2023-10-23 13:26:20,300 INFO     ___FILE_ONLY___ ├───────────────────────┬────────────┬─────────┤
2023-10-23 13:26:20,300 INFO     ___FILE_ONLY___ 

2023-10-23 13:26:20,300 INFO     ___FILE_ONLY___ │          Name         │  Version   │   Size  │
2023-10-23 13:26:20,300 INFO     ___FILE_ONLY___ 

2023-10-23 13:26:20,300 INFO     ___FILE_ONLY___ ├───────────────────────┼────────────┼─────────┤
2023-10-23 13:26:20,300 INFO     ___FILE_ONLY___ 

2023-10-23 13:26:20,301 INFO     ___FILE_ONLY___ │ 
2023-10-23 13:26:20,301 INFO     ___FILE_ONLY___ gcloud Alpha Commands
2023-10-23 13:26:20,301 INFO     ___FILE_ONLY___  
2023-10-23 13:26:20,301 INFO     ___FILE_ONLY___ │ 
2023-10-23 13:26:20,301 INFO     ___FILE_ONLY___ 2023.10.18
2023-10-23 13:26:20,301 INFO     ___FILE_ONLY___  
2023-10-23 13:26:20,301 INFO     ___FILE_ONLY___ │ 
2023-10-23 13:26:20,301 INFO     ___FILE_ONLY___ < 1 MiB
2023-10-23 13:26:20,302 INFO     ___FILE_ONLY___  
2023-10-23 13:26:20,302 INFO     ___FILE_ONLY___ │
2023-10-23 13:26:20,302 INFO     ___FILE_ONLY___ 

2023-10-23 13:26:20,302 INFO     ___FILE_ONLY___ │ 
2023-10-23 13:26:20,302 INFO     ___FILE_ONLY___ gcloud Beta Commands 
2023-10-23 13:26:20,302 INFO     ___FILE_ONLY___  
2023-10-23 13:26:20,302 INFO     ___FILE_ONLY___ │ 
2023-10-23 13:26:20,302 INFO     ___FILE_ONLY___ 2023.10.18
2023-10-23 13:26:20,302 INFO     ___FILE_ONLY___  
2023-10-23 13:26:20,303 INFO     ___FILE_ONLY___ │ 
2023-10-23 13:26:20,303 INFO     ___FILE_ONLY___ < 1 MiB
2023-10-23 13:26:20,303 INFO     ___FILE_ONLY___  
2023-10-23 13:26:20,303 INFO     ___FILE_ONLY___ │
2023-10-23 13:26:20,303 INFO     ___FILE_ONLY___ 

2023-10-23 13:26:20,303 INFO     ___FILE_ONLY___ └───────────────────────┴────────────┴─────────┘
2023-10-23 13:26:20,303 INFO     ___FILE_ONLY___ 

2023-10-23 13:26:20,303 INFO     ___FILE_ONLY___ 

2023-10-23 13:26:20,308 DEBUG    urllib3.connectionpool Starting new HTTPS connection (1): dl.google.com:443
2023-10-23 13:26:20,463 DEBUG    urllib3.connectionpool https://dl.google.com:443 "GET /dl/cloudsdk/channels/rapid/RELEASE_NOTES HTTP/1.1" 200 1092753
2023-10-23 13:26:20,577 INFO     ___FILE_ONLY___ For the latest full release notes, please visit:
  https://cloud.google.com/sdk/release_notes


2023-10-23 13:26:20,579 INFO     ___FILE_ONLY___ ╔════════════════════════════════════════════════════════════╗

2023-10-23 13:26:20,579 INFO     ___FILE_ONLY___ ╠═ Creating update staging area                             ═╣

2023-10-23 13:26:20,580 INFO     ___FILE_ONLY___ ╚
2023-10-23 13:26:20,580 INFO     ___FILE_ONLY___ ══════
2023-10-23 13:26:21,302 INFO     ___FILE_ONLY___ ══════
2023-10-23 13:26:21,302 INFO     ___FILE_ONLY___ ══════
2023-10-23 13:26:21,780 INFO     ___FILE_ONLY___ ═
2023-10-23 13:26:21,842 INFO     ___FILE_ONLY___ ═
2023-10-23 13:26:21,894 INFO     ___FILE_ONLY___ ═
2023-10-23 13:26:21,959 INFO     ___FILE_ONLY___ ═
2023-10-23 13:26:22,044 INFO     ___FILE_ONLY___ ═
2023-10-23 13:26:22,118 INFO     ___FILE_ONLY___ ═
2023-10-23 13:26:22,196 INFO     ___FILE_ONLY___ ═
2023-10-23 13:26:22,260 INFO     ___FILE_ONLY___ ═
2023-10-23 13:26:22,326 INFO     ___FILE_ONLY___ ═
2023-10-23 13:26:22,375 INFO     ___FILE_ONLY___ ═
2023-10-23 13:26:22,444 INFO     ___FILE_ONLY___ ═
2023-10-23 13:26:22,510 INFO     ___FILE_ONLY___ ═
2023-10-23 13:26:22,573 INFO     ___FILE_ONLY___ ═
2023-10-23 13:26:22,634 INFO     ___FILE_ONLY___ ═
2023-10-23 13:26:22,697 INFO     ___FILE_ONLY___ ═
2023-10-23 13:26:22,747 INFO     ___FILE_ONLY___ ═
2023-10-23 13:26:22,800 INFO     ___FILE_ONLY___ ═
2023-10-23 13:26:22,858 INFO     ___FILE_ONLY___ ═
2023-10-23 13:26:22,919 INFO     ___FILE_ONLY___ ═
2023-10-23 13:26:22,984 INFO     ___FILE_ONLY___ ═
2023-10-23 13:26:23,055 INFO     ___FILE_ONLY___ ═
2023-10-23 13:26:23,184 INFO     ___FILE_ONLY___ ═
2023-10-23 13:26:23,246 INFO     ___FILE_ONLY___ ═
2023-10-23 13:26:23,316 INFO     ___FILE_ONLY___ ═
2023-10-23 13:26:23,368 INFO     ___FILE_ONLY___ ═
2023-10-23 13:26:23,431 INFO     ___FILE_ONLY___ ═
2023-10-23 13:26:23,498 INFO     ___FILE_ONLY___ ═
2023-10-23 13:26:23,568 INFO     ___FILE_ONLY___ ═
2023-10-23 13:26:23,636 INFO     ___FILE_ONLY___ ═
2023-10-23 13:26:23,698 INFO     ___FILE_ONLY___ ═
2023-10-23 13:26:23,763 INFO     ___FILE_ONLY___ ═
2023-10-23 13:26:23,818 INFO     ___FILE_ONLY___ ═
2023-10-23 13:26:23,864 INFO     ___FILE_ONLY___ ═
2023-10-23 13:26:23,915 INFO     ___FILE_ONLY___ ═
2023-10-23 13:26:23,985 INFO     ___FILE_ONLY___ ═
2023-10-23 13:26:24,051 INFO     ___FILE_ONLY___ ═
2023-10-23 13:26:24,121 INFO     ___FILE_ONLY___ ═
2023-10-23 13:26:24,202 INFO     ___FILE_ONLY___ ═
2023-10-23 13:26:24,384 INFO     ___FILE_ONLY___ ═
2023-10-23 13:26:24,439 INFO     ___FILE_ONLY___ ═
2023-10-23 13:26:24,501 INFO     ___FILE_ONLY___ ═
2023-10-23 13:26:24,584 INFO     ___FILE_ONLY___ ═
2023-10-23 13:26:24,585 INFO     ___FILE_ONLY___ ╝

2023-10-23 13:26:27,867 INFO     ___FILE_ONLY___ ╔════════════════════════════════════════════════════════════╗

2023-10-23 13:26:27,868 INFO     ___FILE_ONLY___ ╠═ Installing: gcloud Alpha Commands                        ═╣

2023-10-23 13:26:27,868 INFO     ___FILE_ONLY___ ╚
2023-10-23 13:26:27,872 DEBUG    urllib3.connectionpool Starting new HTTPS connection (1): dl.google.com:443
2023-10-23 13:26:28,023 DEBUG    urllib3.connectionpool https://dl.google.com:443 "GET /dl/cloudsdk/channels/rapid/components/google-cloud-sdk-alpha-20231018215053.tar.gz HTTP/1.1" 200 800
2023-10-23 13:26:28,024 INFO     ___FILE_ONLY___ ══════════════════════════════
2023-10-23 13:26:28,025 INFO     ___FILE_ONLY___ ══════════════════════════════
2023-10-23 13:26:28,025 INFO     ___FILE_ONLY___ ╝

2023-10-23 13:26:28,034 INFO     ___FILE_ONLY___ ╔════════════════════════════════════════════════════════════╗

2023-10-23 13:26:28,034 INFO     ___FILE_ONLY___ ╠═ Installing: gcloud Beta Commands                         ═╣

2023-10-23 13:26:28,035 INFO     ___FILE_ONLY___ ╚
2023-10-23 13:26:28,038 DEBUG    urllib3.connectionpool Starting new HTTPS connection (1): dl.google.com:443
2023-10-23 13:26:28,187 DEBUG    urllib3.connectionpool https://dl.google.com:443 "GET /dl/cloudsdk/channels/rapid/components/google-cloud-sdk-beta-20231018215053.tar.gz HTTP/1.1" 200 797
2023-10-23 13:26:28,188 INFO     ___FILE_ONLY___ ══════════════════════════════
2023-10-23 13:26:28,189 INFO     ___FILE_ONLY___ ══════════════════════════════
2023-10-23 13:26:28,189 INFO     ___FILE_ONLY___ ╝

2023-10-23 13:26:28,198 INFO     ___FILE_ONLY___ ╔════════════════════════════════════════════════════════════╗

2023-10-23 13:26:28,198 INFO     ___FILE_ONLY___ ╠═ Creating backup and activating new installation          ═╣

2023-10-23 13:26:28,198 INFO     ___FILE_ONLY___ ╚
2023-10-23 13:26:28,198 DEBUG    root            Attempting to move directory [/tools/google-cloud-sdk] to [/tools/google-cloud-sdk.staging/.install/.backup]
2023-10-23 13:26:28,198 INFO     ___FILE_ONLY___ ══════════════════════════════
2023-10-23 13:26:28,198 DEBUG    root            Attempting to move directory [/tools/google-cloud-sdk.staging] to [/tools/google-cloud-sdk]
2023-10-23 13:26:28,198 INFO     ___FILE_ONLY___ ══════════════════════════════
2023-10-23 13:26:28,198 INFO     ___FILE_ONLY___ ╝

2023-10-23 13:26:28,203 DEBUG    root            Updating notification cache...
2023-10-23 13:26:28,203 INFO     ___FILE_ONLY___ 

2023-10-23 13:26:28,206 INFO     ___FILE_ONLY___ Performing post processing steps...
2023-10-23 13:26:28,206 DEBUG    root            Executing command: ['python3', '-S', '/tools/google-cloud-sdk/lib/gcloud.py', 'components', 'post-process']
2023-10-23 13:26:37,598 DEBUG    ___FILE_ONLY___ 
2023-10-23 13:26:37,599 DEBUG    ___FILE_ONLY___ 
2023-10-23 13:26:37,721 INFO     ___FILE_ONLY___ 
Update done!


2023-10-23 13:26:37,724 DEBUG    root            Chosen display Format:none
2023-10-23 13:26:37,725 INFO     root            Display format: "none"
