2023-10-23 13:25:43,871 DEBUG    root            Loaded Command Group: ['gcloud', 'components']
2023-10-23 13:25:43,875 DEBUG    root            Loaded Command Group: ['gcloud', 'components', 'update']
2023-10-23 13:25:43,878 DEBUG    root            Running [gcloud.components.update] with arguments: [--allow-no-backup: "True", --compile-python: "True", --quiet: "True", COMPONENT-IDS:7: "['core', 'gcloud-deps', 'bq', 'gcloud', 'gcloud-crc32c', 'gsutil', 'anthoscli']"]
2023-10-23 13:25:43,879 INFO     ___FILE_ONLY___ Beginning update. This process may take several minutes.

2023-10-23 13:25:55,923 DEBUG    urllib3.connectionpool Starting new HTTPS connection (1): dl.google.com:443
2023-10-23 13:25:56,077 DEBUG    urllib3.connectionpool https://dl.google.com:443 "GET /dl/cloudsdk/channels/rapid/components-2.json HTTP/1.1" 200 209943
2023-10-23 13:25:56,098 INFO     ___FILE_ONLY___ 

2023-10-23 13:25:56,099 INFO     ___FILE_ONLY___ 
Your current Google Cloud CLI version is: 451.0.1

2023-10-23 13:25:56,099 INFO     ___FILE_ONLY___ Installing components from version: 451.0.1

2023-10-23 13:25:56,099 INFO     ___FILE_ONLY___ 

2023-10-23 13:25:56,099 DEBUG    root            Chosen display Format:table[box,title="These components will be removed."](details.display_name:label=Name:align=left,version.version_string:label=Version:align=right,data.size.size(zero="",min=1048576):label=Size:align=right)
2023-10-23 13:25:56,100 DEBUG    root            Chosen display Format:table[box,title="These components will be updated."](details.display_name:label=Name:align=left,version.version_string:label=Version:align=right,data.size.size(zero="",min=1048576):label=Size:align=right)
2023-10-23 13:25:56,101 DEBUG    root            Chosen display Format:table[box,title="These components will be installed."](details.display_name:label=Name:align=left,version.version_string:label=Version:align=right,data.size.size(zero="",min=1048576):label=Size:align=right)
2023-10-23 13:25:56,109 INFO     ___FILE_ONLY___ ┌─────────────────────────────────────────────────────────────────────────────┐
2023-10-23 13:25:56,109 INFO     ___FILE_ONLY___ 

2023-10-23 13:25:56,109 INFO     ___FILE_ONLY___ │                     These components will be installed.                     │
2023-10-23 13:25:56,109 INFO     ___FILE_ONLY___ 

2023-10-23 13:25:56,109 INFO     ___FILE_ONLY___ ├─────────────────────────────────────────────────────┬────────────┬──────────┤
2023-10-23 13:25:56,109 INFO     ___FILE_ONLY___ 

2023-10-23 13:25:56,109 INFO     ___FILE_ONLY___ │                         Name                        │  Version   │   Size   │
2023-10-23 13:25:56,110 INFO     ___FILE_ONLY___ 

2023-10-23 13:25:56,110 INFO     ___FILE_ONLY___ ├─────────────────────────────────────────────────────┼────────────┼──────────┤
2023-10-23 13:25:56,110 INFO     ___FILE_ONLY___ 

2023-10-23 13:25:56,110 INFO     ___FILE_ONLY___ │ 
2023-10-23 13:25:56,110 INFO     ___FILE_ONLY___ BigQuery Command Line Tool                         
2023-10-23 13:25:56,110 INFO     ___FILE_ONLY___  
2023-10-23 13:25:56,110 INFO     ___FILE_ONLY___ │ 
2023-10-23 13:25:56,110 INFO     ___FILE_ONLY___     2.0.98
2023-10-23 13:25:56,110 INFO     ___FILE_ONLY___  
2023-10-23 13:25:56,110 INFO     ___FILE_ONLY___ │ 
2023-10-23 13:25:56,110 INFO     ___FILE_ONLY___  1.6 MiB
2023-10-23 13:25:56,110 INFO     ___FILE_ONLY___  
2023-10-23 13:25:56,110 INFO     ___FILE_ONLY___ │
2023-10-23 13:25:56,110 INFO     ___FILE_ONLY___ 

2023-10-23 13:25:56,111 INFO     ___FILE_ONLY___ │ 
2023-10-23 13:25:56,111 INFO     ___FILE_ONLY___ BigQuery Command Line Tool (Platform Specific)     
2023-10-23 13:25:56,111 INFO     ___FILE_ONLY___  
2023-10-23 13:25:56,111 INFO     ___FILE_ONLY___ │ 
2023-10-23 13:25:56,111 INFO     ___FILE_ONLY___     2.0.98
2023-10-23 13:25:56,111 INFO     ___FILE_ONLY___  
2023-10-23 13:25:56,111 INFO     ___FILE_ONLY___ │ 
2023-10-23 13:25:56,111 INFO     ___FILE_ONLY___  < 1 MiB
2023-10-23 13:25:56,111 INFO     ___FILE_ONLY___  
2023-10-23 13:25:56,111 INFO     ___FILE_ONLY___ │
2023-10-23 13:25:56,111 INFO     ___FILE_ONLY___ 

2023-10-23 13:25:56,111 INFO     ___FILE_ONLY___ │ 
2023-10-23 13:25:56,111 INFO     ___FILE_ONLY___ Bundled Python 3.9                                 
2023-10-23 13:25:56,111 INFO     ___FILE_ONLY___  
2023-10-23 13:25:56,112 INFO     ___FILE_ONLY___ │ 
2023-10-23 13:25:56,112 INFO     ___FILE_ONLY___     3.9.16
2023-10-23 13:25:56,112 INFO     ___FILE_ONLY___  
2023-10-23 13:25:56,112 INFO     ___FILE_ONLY___ │ 
2023-10-23 13:25:56,112 INFO     ___FILE_ONLY___ 63.6 MiB
2023-10-23 13:25:56,112 INFO     ___FILE_ONLY___  
2023-10-23 13:25:56,112 INFO     ___FILE_ONLY___ │
2023-10-23 13:25:56,112 INFO     ___FILE_ONLY___ 

2023-10-23 13:25:56,112 INFO     ___FILE_ONLY___ │ 
2023-10-23 13:25:56,112 INFO     ___FILE_ONLY___ Cloud Storage Command Line Tool                    
2023-10-23 13:25:56,112 INFO     ___FILE_ONLY___  
2023-10-23 13:25:56,112 INFO     ___FILE_ONLY___ │ 
2023-10-23 13:25:56,112 INFO     ___FILE_ONLY___       5.26
2023-10-23 13:25:56,112 INFO     ___FILE_ONLY___  
2023-10-23 13:25:56,113 INFO     ___FILE_ONLY___ │ 
2023-10-23 13:25:56,113 INFO     ___FILE_ONLY___ 11.3 MiB
2023-10-23 13:25:56,113 INFO     ___FILE_ONLY___  
2023-10-23 13:25:56,113 INFO     ___FILE_ONLY___ │
2023-10-23 13:25:56,113 INFO     ___FILE_ONLY___ 

2023-10-23 13:25:56,113 INFO     ___FILE_ONLY___ │ 
2023-10-23 13:25:56,113 INFO     ___FILE_ONLY___ Cloud Storage Command Line Tool (Platform Specific)
2023-10-23 13:25:56,113 INFO     ___FILE_ONLY___  
2023-10-23 13:25:56,113 INFO     ___FILE_ONLY___ │ 
2023-10-23 13:25:56,113 INFO     ___FILE_ONLY___       5.25
2023-10-23 13:25:56,113 INFO     ___FILE_ONLY___  
2023-10-23 13:25:56,113 INFO     ___FILE_ONLY___ │ 
2023-10-23 13:25:56,113 INFO     ___FILE_ONLY___  < 1 MiB
2023-10-23 13:25:56,114 INFO     ___FILE_ONLY___  
2023-10-23 13:25:56,114 INFO     ___FILE_ONLY___ │
2023-10-23 13:25:56,114 INFO     ___FILE_ONLY___ 

2023-10-23 13:25:56,114 INFO     ___FILE_ONLY___ │ 
2023-10-23 13:25:56,114 INFO     ___FILE_ONLY___ Google Cloud CLI Core Libraries (Platform Specific)
2023-10-23 13:25:56,114 INFO     ___FILE_ONLY___  
2023-10-23 13:25:56,114 INFO     ___FILE_ONLY___ │ 
2023-10-23 13:25:56,114 INFO     ___FILE_ONLY___ 2023.09.15
2023-10-23 13:25:56,114 INFO     ___FILE_ONLY___  
2023-10-23 13:25:56,114 INFO     ___FILE_ONLY___ │ 
2023-10-23 13:25:56,114 INFO     ___FILE_ONLY___  < 1 MiB
2023-10-23 13:25:56,114 INFO     ___FILE_ONLY___  
2023-10-23 13:25:56,114 INFO     ___FILE_ONLY___ │
2023-10-23 13:25:56,114 INFO     ___FILE_ONLY___ 

2023-10-23 13:25:56,114 INFO     ___FILE_ONLY___ │ 
2023-10-23 13:25:56,115 INFO     ___FILE_ONLY___ Google Cloud CRC32C Hash Tool                      
2023-10-23 13:25:56,115 INFO     ___FILE_ONLY___  
2023-10-23 13:25:56,115 INFO     ___FILE_ONLY___ │ 
2023-10-23 13:25:56,115 INFO     ___FILE_ONLY___      1.0.0
2023-10-23 13:25:56,115 INFO     ___FILE_ONLY___  
2023-10-23 13:25:56,115 INFO     ___FILE_ONLY___ │ 
2023-10-23 13:25:56,115 INFO     ___FILE_ONLY___  1.2 MiB
2023-10-23 13:25:56,115 INFO     ___FILE_ONLY___  
2023-10-23 13:25:56,115 INFO     ___FILE_ONLY___ │
2023-10-23 13:25:56,115 INFO     ___FILE_ONLY___ 

2023-10-23 13:25:56,115 INFO     ___FILE_ONLY___ │ 
2023-10-23 13:25:56,115 INFO     ___FILE_ONLY___ anthoscli                                          
2023-10-23 13:25:56,115 INFO     ___FILE_ONLY___  
2023-10-23 13:25:56,116 INFO     ___FILE_ONLY___ │ 
2023-10-23 13:25:56,116 INFO     ___FILE_ONLY___     0.2.40
2023-10-23 13:25:56,116 INFO     ___FILE_ONLY___  
2023-10-23 13:25:56,116 INFO     ___FILE_ONLY___ │ 
2023-10-23 13:25:56,116 INFO     ___FILE_ONLY___ 68.7 MiB
2023-10-23 13:25:56,116 INFO     ___FILE_ONLY___  
2023-10-23 13:25:56,116 INFO     ___FILE_ONLY___ │
2023-10-23 13:25:56,116 INFO     ___FILE_ONLY___ 

2023-10-23 13:25:56,116 INFO     ___FILE_ONLY___ │ 
2023-10-23 13:25:56,116 INFO     ___FILE_ONLY___ gcloud cli dependencies                            
2023-10-23 13:25:56,116 INFO     ___FILE_ONLY___  
2023-10-23 13:25:56,116 INFO     ___FILE_ONLY___ │ 
2023-10-23 13:25:56,116 INFO     ___FILE_ONLY___ 2021.04.16
2023-10-23 13:25:56,116 INFO     ___FILE_ONLY___  
2023-10-23 13:25:56,117 INFO     ___FILE_ONLY___ │ 
2023-10-23 13:25:56,117 INFO     ___FILE_ONLY___  < 1 MiB
2023-10-23 13:25:56,117 INFO     ___FILE_ONLY___  
2023-10-23 13:25:56,117 INFO     ___FILE_ONLY___ │
2023-10-23 13:25:56,117 INFO     ___FILE_ONLY___ 

2023-10-23 13:25:56,117 INFO     ___FILE_ONLY___ └─────────────────────────────────────────────────────┴────────────┴──────────┘
2023-10-23 13:25:56,117 INFO     ___FILE_ONLY___ 

2023-10-23 13:25:56,117 INFO     ___FILE_ONLY___ 

2023-10-23 13:25:56,121 DEBUG    urllib3.connectionpool Starting new HTTPS connection (1): dl.google.com:443
2023-10-23 13:25:56,276 DEBUG    urllib3.connectionpool https://dl.google.com:443 "GET /dl/cloudsdk/channels/rapid/RELEASE_NOTES HTTP/1.1" 200 1092753
2023-10-23 13:25:56,388 INFO     ___FILE_ONLY___ For the latest full release notes, please visit:
  https://cloud.google.com/sdk/release_notes


2023-10-23 13:25:56,391 INFO     ___FILE_ONLY___ ╔════════════════════════════════════════════════════════════╗

2023-10-23 13:25:56,391 INFO     ___FILE_ONLY___ ╠═ Creating update staging area                             ═╣

2023-10-23 13:25:56,391 INFO     ___FILE_ONLY___ ╚
2023-10-23 13:25:56,391 INFO     ___FILE_ONLY___ ══════
2023-10-23 13:25:56,391 INFO     ___FILE_ONLY___ ══════
2023-10-23 13:25:56,391 INFO     ___FILE_ONLY___ ══════
2023-10-23 13:25:56,634 INFO     ___FILE_ONLY___ ═
2023-10-23 13:25:56,691 INFO     ___FILE_ONLY___ ═
2023-10-23 13:25:56,764 INFO     ___FILE_ONLY___ ═
2023-10-23 13:25:56,835 INFO     ___FILE_ONLY___ ═
2023-10-23 13:25:56,891 INFO     ___FILE_ONLY___ ═
2023-10-23 13:25:56,949 INFO     ___FILE_ONLY___ ═
2023-10-23 13:25:57,009 INFO     ___FILE_ONLY___ ═
2023-10-23 13:25:57,070 INFO     ___FILE_ONLY___ ═
2023-10-23 13:25:57,132 INFO     ___FILE_ONLY___ ═
2023-10-23 13:25:57,192 INFO     ___FILE_ONLY___ ═
2023-10-23 13:25:57,244 INFO     ___FILE_ONLY___ ═
2023-10-23 13:25:57,295 INFO     ___FILE_ONLY___ ═
2023-10-23 13:25:57,357 INFO     ___FILE_ONLY___ ═
2023-10-23 13:25:57,414 INFO     ___FILE_ONLY___ ═
2023-10-23 13:25:57,467 INFO     ___FILE_ONLY___ ═
2023-10-23 13:25:57,515 INFO     ___FILE_ONLY___ ═
2023-10-23 13:25:57,572 INFO     ___FILE_ONLY___ ═
2023-10-23 13:25:57,623 INFO     ___FILE_ONLY___ ═
2023-10-23 13:25:57,678 INFO     ___FILE_ONLY___ ═
2023-10-23 13:25:57,724 INFO     ___FILE_ONLY___ ═
2023-10-23 13:25:57,760 INFO     ___FILE_ONLY___ ═
2023-10-23 13:25:57,817 INFO     ___FILE_ONLY___ ═
2023-10-23 13:25:57,868 INFO     ___FILE_ONLY___ ═
2023-10-23 13:25:57,939 INFO     ___FILE_ONLY___ ═
2023-10-23 13:25:58,094 INFO     ___FILE_ONLY___ ═
2023-10-23 13:25:58,142 INFO     ___FILE_ONLY___ ═
2023-10-23 13:25:58,204 INFO     ___FILE_ONLY___ ═
2023-10-23 13:25:58,253 INFO     ___FILE_ONLY___ ═
2023-10-23 13:25:58,301 INFO     ___FILE_ONLY___ ═
2023-10-23 13:25:58,347 INFO     ___FILE_ONLY___ ═
2023-10-23 13:25:58,392 INFO     ___FILE_ONLY___ ═
2023-10-23 13:25:58,440 INFO     ___FILE_ONLY___ ═
2023-10-23 13:25:58,538 INFO     ___FILE_ONLY___ ═
2023-10-23 13:25:58,764 INFO     ___FILE_ONLY___ ═
2023-10-23 13:25:58,859 INFO     ___FILE_ONLY___ ═
2023-10-23 13:25:58,923 INFO     ___FILE_ONLY___ ═
2023-10-23 13:25:58,977 INFO     ___FILE_ONLY___ ═
2023-10-23 13:25:59,009 INFO     ___FILE_ONLY___ ═
2023-10-23 13:25:59,038 INFO     ___FILE_ONLY___ ═
2023-10-23 13:25:59,065 INFO     ___FILE_ONLY___ ═
2023-10-23 13:25:59,096 INFO     ___FILE_ONLY___ ═
2023-10-23 13:25:59,126 INFO     ___FILE_ONLY___ ═
2023-10-23 13:25:59,126 INFO     ___FILE_ONLY___ ╝

2023-10-23 13:25:59,309 INFO     ___FILE_ONLY___ ╔════════════════════════════════════════════════════════════╗

2023-10-23 13:25:59,310 INFO     ___FILE_ONLY___ ╠═ Installing: BigQuery Command Line Tool                   ═╣

2023-10-23 13:25:59,310 INFO     ___FILE_ONLY___ ╚
2023-10-23 13:25:59,314 DEBUG    urllib3.connectionpool Starting new HTTPS connection (1): dl.google.com:443
2023-10-23 13:25:59,475 DEBUG    urllib3.connectionpool https://dl.google.com:443 "GET /dl/cloudsdk/channels/rapid/components/google-cloud-sdk-bq-20230913232318.tar.gz HTTP/1.1" 200 1659622
2023-10-23 13:25:59,539 INFO     ___FILE_ONLY___ ═
2023-10-23 13:25:59,540 INFO     ___FILE_ONLY___ ═
2023-10-23 13:25:59,540 INFO     ___FILE_ONLY___ ═
2023-10-23 13:25:59,540 INFO     ___FILE_ONLY___ ═
2023-10-23 13:25:59,540 INFO     ___FILE_ONLY___ ═
2023-10-23 13:25:59,540 INFO     ___FILE_ONLY___ ═
2023-10-23 13:25:59,540 INFO     ___FILE_ONLY___ ═
2023-10-23 13:25:59,541 INFO     ___FILE_ONLY___ ═
2023-10-23 13:25:59,541 INFO     ___FILE_ONLY___ ═
2023-10-23 13:25:59,541 INFO     ___FILE_ONLY___ ═
2023-10-23 13:25:59,541 INFO     ___FILE_ONLY___ ═
2023-10-23 13:25:59,541 INFO     ___FILE_ONLY___ ═
2023-10-23 13:25:59,541 INFO     ___FILE_ONLY___ ═
2023-10-23 13:25:59,541 INFO     ___FILE_ONLY___ ═
2023-10-23 13:25:59,542 INFO     ___FILE_ONLY___ ═
2023-10-23 13:25:59,542 INFO     ___FILE_ONLY___ ═
2023-10-23 13:25:59,542 INFO     ___FILE_ONLY___ ═
2023-10-23 13:25:59,542 INFO     ___FILE_ONLY___ ═
2023-10-23 13:25:59,542 INFO     ___FILE_ONLY___ ═
2023-10-23 13:25:59,542 INFO     ___FILE_ONLY___ ═
2023-10-23 13:25:59,542 INFO     ___FILE_ONLY___ ═
2023-10-23 13:25:59,543 INFO     ___FILE_ONLY___ ═
2023-10-23 13:25:59,543 INFO     ___FILE_ONLY___ ═
2023-10-23 13:25:59,543 INFO     ___FILE_ONLY___ ═
2023-10-23 13:25:59,543 INFO     ___FILE_ONLY___ ═
2023-10-23 13:25:59,543 INFO     ___FILE_ONLY___ ═
2023-10-23 13:25:59,543 INFO     ___FILE_ONLY___ ═
2023-10-23 13:25:59,543 INFO     ___FILE_ONLY___ ═
2023-10-23 13:25:59,544 INFO     ___FILE_ONLY___ ═
2023-10-23 13:25:59,544 INFO     ___FILE_ONLY___ ═
2023-10-23 13:25:59,666 INFO     ___FILE_ONLY___ ═
2023-10-23 13:25:59,671 INFO     ___FILE_ONLY___ ═
2023-10-23 13:25:59,675 INFO     ___FILE_ONLY___ ═
2023-10-23 13:25:59,679 INFO     ___FILE_ONLY___ ═
2023-10-23 13:25:59,682 INFO     ___FILE_ONLY___ ═
2023-10-23 13:25:59,686 INFO     ___FILE_ONLY___ ═
2023-10-23 13:25:59,691 INFO     ___FILE_ONLY___ ═
2023-10-23 13:25:59,695 INFO     ___FILE_ONLY___ ═
2023-10-23 13:25:59,699 INFO     ___FILE_ONLY___ ═
2023-10-23 13:25:59,702 INFO     ___FILE_ONLY___ ═
2023-10-23 13:25:59,707 INFO     ___FILE_ONLY___ ═
2023-10-23 13:25:59,710 INFO     ___FILE_ONLY___ ═
2023-10-23 13:25:59,716 INFO     ___FILE_ONLY___ ═
2023-10-23 13:25:59,720 INFO     ___FILE_ONLY___ ═
2023-10-23 13:25:59,723 INFO     ___FILE_ONLY___ ═
2023-10-23 13:25:59,728 INFO     ___FILE_ONLY___ ═
2023-10-23 13:25:59,732 INFO     ___FILE_ONLY___ ═
2023-10-23 13:25:59,736 INFO     ___FILE_ONLY___ ═
2023-10-23 13:25:59,741 INFO     ___FILE_ONLY___ ═
2023-10-23 13:25:59,746 INFO     ___FILE_ONLY___ ═
2023-10-23 13:25:59,750 INFO     ___FILE_ONLY___ ═
2023-10-23 13:25:59,757 INFO     ___FILE_ONLY___ ═
2023-10-23 13:25:59,763 INFO     ___FILE_ONLY___ ═
2023-10-23 13:25:59,767 INFO     ___FILE_ONLY___ ═
2023-10-23 13:25:59,771 INFO     ___FILE_ONLY___ ═
2023-10-23 13:25:59,775 INFO     ___FILE_ONLY___ ═
2023-10-23 13:25:59,779 INFO     ___FILE_ONLY___ ═
2023-10-23 13:25:59,783 INFO     ___FILE_ONLY___ ═
2023-10-23 13:25:59,787 INFO     ___FILE_ONLY___ ═
2023-10-23 13:25:59,790 INFO     ___FILE_ONLY___ ═
2023-10-23 13:25:59,791 INFO     ___FILE_ONLY___ ╝

2023-10-23 13:25:59,807 INFO     ___FILE_ONLY___ ╔════════════════════════════════════════════════════════════╗

2023-10-23 13:25:59,807 INFO     ___FILE_ONLY___ ╠═ Installing: BigQuery Command Line Tool (Platform Spec... ═╣

2023-10-23 13:25:59,807 INFO     ___FILE_ONLY___ ╚
2023-10-23 13:25:59,811 DEBUG    urllib3.connectionpool Starting new HTTPS connection (1): dl.google.com:443
2023-10-23 13:25:59,967 DEBUG    urllib3.connectionpool https://dl.google.com:443 "GET /dl/cloudsdk/channels/rapid/components/google-cloud-sdk-bq-nix-20230915145114.tar.gz HTTP/1.1" 200 1943
2023-10-23 13:25:59,968 INFO     ___FILE_ONLY___ ══════════════════════════════
2023-10-23 13:25:59,969 INFO     ___FILE_ONLY___ ══════════════════════════════
2023-10-23 13:25:59,969 INFO     ___FILE_ONLY___ ╝

2023-10-23 13:25:59,978 INFO     ___FILE_ONLY___ ╔════════════════════════════════════════════════════════════╗

2023-10-23 13:25:59,978 INFO     ___FILE_ONLY___ ╠═ Installing: Bundled Python 3.9                           ═╣

2023-10-23 13:25:59,978 INFO     ___FILE_ONLY___ ╚
2023-10-23 13:25:59,982 DEBUG    urllib3.connectionpool Starting new HTTPS connection (1): dl.google.com:443
2023-10-23 13:26:00,139 DEBUG    urllib3.connectionpool https://dl.google.com:443 "GET /dl/cloudsdk/channels/rapid/components/google-cloud-sdk-bundled-python3-unix-linux-x86_64-20230707144938.tar.gz HTTP/1.1" 200 66719069
2023-10-23 13:26:00,592 INFO     ___FILE_ONLY___ ═
2023-10-23 13:26:00,595 INFO     ___FILE_ONLY___ ═
2023-10-23 13:26:00,598 INFO     ___FILE_ONLY___ ═
2023-10-23 13:26:00,601 INFO     ___FILE_ONLY___ ═
2023-10-23 13:26:00,603 INFO     ___FILE_ONLY___ ═
2023-10-23 13:26:00,606 INFO     ___FILE_ONLY___ ═
2023-10-23 13:26:00,609 INFO     ___FILE_ONLY___ ═
2023-10-23 13:26:00,612 INFO     ___FILE_ONLY___ ═
2023-10-23 13:26:00,615 INFO     ___FILE_ONLY___ ═
2023-10-23 13:26:00,618 INFO     ___FILE_ONLY___ ═
2023-10-23 13:26:00,621 INFO     ___FILE_ONLY___ ═
2023-10-23 13:26:00,624 INFO     ___FILE_ONLY___ ═
2023-10-23 13:26:00,626 INFO     ___FILE_ONLY___ ═
2023-10-23 13:26:00,629 INFO     ___FILE_ONLY___ ═
2023-10-23 13:26:00,632 INFO     ___FILE_ONLY___ ═
2023-10-23 13:26:00,635 INFO     ___FILE_ONLY___ ═
2023-10-23 13:26:00,638 INFO     ___FILE_ONLY___ ═
2023-10-23 13:26:00,641 INFO     ___FILE_ONLY___ ═
2023-10-23 13:26:00,643 INFO     ___FILE_ONLY___ ═
2023-10-23 13:26:00,646 INFO     ___FILE_ONLY___ ═
2023-10-23 13:26:00,649 INFO     ___FILE_ONLY___ ═
2023-10-23 13:26:00,652 INFO     ___FILE_ONLY___ ═
2023-10-23 13:26:00,655 INFO     ___FILE_ONLY___ ═
2023-10-23 13:26:00,657 INFO     ___FILE_ONLY___ ═
2023-10-23 13:26:00,660 INFO     ___FILE_ONLY___ ═
2023-10-23 13:26:00,663 INFO     ___FILE_ONLY___ ═
2023-10-23 13:26:00,666 INFO     ___FILE_ONLY___ ═
2023-10-23 13:26:00,669 INFO     ___FILE_ONLY___ ═
2023-10-23 13:26:00,672 INFO     ___FILE_ONLY___ ═
2023-10-23 13:26:00,675 INFO     ___FILE_ONLY___ ═
2023-10-23 13:26:02,583 INFO     ___FILE_ONLY___ ═
2023-10-23 13:26:02,596 INFO     ___FILE_ONLY___ ═
2023-10-23 13:26:02,611 INFO     ___FILE_ONLY___ ═
2023-10-23 13:26:02,624 INFO     ___FILE_ONLY___ ═
2023-10-23 13:26:02,637 INFO     ___FILE_ONLY___ ═
2023-10-23 13:26:02,654 INFO     ___FILE_ONLY___ ═
2023-10-23 13:26:02,672 INFO     ___FILE_ONLY___ ═
2023-10-23 13:26:02,692 INFO     ___FILE_ONLY___ ═
2023-10-23 13:26:02,710 INFO     ___FILE_ONLY___ ═
2023-10-23 13:26:02,723 INFO     ___FILE_ONLY___ ═
2023-10-23 13:26:02,741 INFO     ___FILE_ONLY___ ═
2023-10-23 13:26:02,762 INFO     ___FILE_ONLY___ ═
2023-10-23 13:26:02,777 INFO     ___FILE_ONLY___ ═
2023-10-23 13:26:02,899 INFO     ___FILE_ONLY___ ═
2023-10-23 13:26:02,915 INFO     ___FILE_ONLY___ ═
2023-10-23 13:26:03,014 INFO     ___FILE_ONLY___ ═
2023-10-23 13:26:03,038 INFO     ___FILE_ONLY___ ═
2023-10-23 13:26:03,059 INFO     ___FILE_ONLY___ ═
2023-10-23 13:26:03,079 INFO     ___FILE_ONLY___ ═
2023-10-23 13:26:03,115 INFO     ___FILE_ONLY___ ═
2023-10-23 13:26:03,130 INFO     ___FILE_ONLY___ ═
2023-10-23 13:26:03,144 INFO     ___FILE_ONLY___ ═
2023-10-23 13:26:03,160 INFO     ___FILE_ONLY___ ═
2023-10-23 13:26:03,177 INFO     ___FILE_ONLY___ ═
2023-10-23 13:26:03,195 INFO     ___FILE_ONLY___ ═
2023-10-23 13:26:03,213 INFO     ___FILE_ONLY___ ═
2023-10-23 13:26:03,836 INFO     ___FILE_ONLY___ ═
2023-10-23 13:26:04,118 INFO     ___FILE_ONLY___ ═
2023-10-23 13:26:04,130 INFO     ___FILE_ONLY___ ═
2023-10-23 13:26:04,142 INFO     ___FILE_ONLY___ ═
2023-10-23 13:26:04,142 INFO     ___FILE_ONLY___ ╝

2023-10-23 13:26:04,203 INFO     ___FILE_ONLY___ ╔════════════════════════════════════════════════════════════╗

2023-10-23 13:26:04,203 INFO     ___FILE_ONLY___ ╠═ Installing: Bundled Python 3.9                           ═╣

2023-10-23 13:26:04,203 INFO     ___FILE_ONLY___ ╚
2023-10-23 13:26:04,208 INFO     ___FILE_ONLY___ ════════════════════════════════════════════════════════════
2023-10-23 13:26:04,209 INFO     ___FILE_ONLY___ ╝

2023-10-23 13:26:04,211 INFO     ___FILE_ONLY___ ╔════════════════════════════════════════════════════════════╗

2023-10-23 13:26:04,211 INFO     ___FILE_ONLY___ ╠═ Installing: Cloud Storage Command Line Tool              ═╣

2023-10-23 13:26:04,211 INFO     ___FILE_ONLY___ ╚
2023-10-23 13:26:04,215 DEBUG    urllib3.connectionpool Starting new HTTPS connection (1): dl.google.com:443
2023-10-23 13:26:04,373 DEBUG    urllib3.connectionpool https://dl.google.com:443 "GET /dl/cloudsdk/channels/rapid/components/google-cloud-sdk-gsutil-20231002150006.tar.gz HTTP/1.1" 200 11838390
2023-10-23 13:26:04,503 INFO     ___FILE_ONLY___ ═
2023-10-23 13:26:04,504 INFO     ___FILE_ONLY___ ═
2023-10-23 13:26:04,504 INFO     ___FILE_ONLY___ ═
2023-10-23 13:26:04,505 INFO     ___FILE_ONLY___ ═
2023-10-23 13:26:04,505 INFO     ___FILE_ONLY___ ═
2023-10-23 13:26:04,506 INFO     ___FILE_ONLY___ ═
2023-10-23 13:26:04,507 INFO     ___FILE_ONLY___ ═
2023-10-23 13:26:04,507 INFO     ___FILE_ONLY___ ═
2023-10-23 13:26:04,508 INFO     ___FILE_ONLY___ ═
2023-10-23 13:26:04,508 INFO     ___FILE_ONLY___ ═
2023-10-23 13:26:04,509 INFO     ___FILE_ONLY___ ═
2023-10-23 13:26:04,509 INFO     ___FILE_ONLY___ ═
2023-10-23 13:26:04,510 INFO     ___FILE_ONLY___ ═
2023-10-23 13:26:04,511 INFO     ___FILE_ONLY___ ═
2023-10-23 13:26:04,511 INFO     ___FILE_ONLY___ ═
2023-10-23 13:26:04,512 INFO     ___FILE_ONLY___ ═
2023-10-23 13:26:04,512 INFO     ___FILE_ONLY___ ═
2023-10-23 13:26:04,513 INFO     ___FILE_ONLY___ ═
2023-10-23 13:26:04,513 INFO     ___FILE_ONLY___ ═
2023-10-23 13:26:04,514 INFO     ___FILE_ONLY___ ═
2023-10-23 13:26:04,515 INFO     ___FILE_ONLY___ ═
2023-10-23 13:26:04,515 INFO     ___FILE_ONLY___ ═
2023-10-23 13:26:04,516 INFO     ___FILE_ONLY___ ═
2023-10-23 13:26:04,516 INFO     ___FILE_ONLY___ ═
2023-10-23 13:26:04,517 INFO     ___FILE_ONLY___ ═
2023-10-23 13:26:04,518 INFO     ___FILE_ONLY___ ═
2023-10-23 13:26:04,518 INFO     ___FILE_ONLY___ ═
2023-10-23 13:26:04,519 INFO     ___FILE_ONLY___ ═
2023-10-23 13:26:04,519 INFO     ___FILE_ONLY___ ═
2023-10-23 13:26:04,520 INFO     ___FILE_ONLY___ ═
2023-10-23 13:26:05,308 INFO     ___FILE_ONLY___ ═
2023-10-23 13:26:05,338 INFO     ___FILE_ONLY___ ═
2023-10-23 13:26:05,365 INFO     ___FILE_ONLY___ ═
2023-10-23 13:26:05,393 INFO     ___FILE_ONLY___ ═
2023-10-23 13:26:05,413 INFO     ___FILE_ONLY___ ═
2023-10-23 13:26:05,435 INFO     ___FILE_ONLY___ ═
2023-10-23 13:26:05,457 INFO     ___FILE_ONLY___ ═
2023-10-23 13:26:05,480 INFO     ___FILE_ONLY___ ═
2023-10-23 13:26:05,503 INFO     ___FILE_ONLY___ ═
2023-10-23 13:26:05,540 INFO     ___FILE_ONLY___ ═
2023-10-23 13:26:05,572 INFO     ___FILE_ONLY___ ═
2023-10-23 13:26:05,598 INFO     ___FILE_ONLY___ ═
2023-10-23 13:26:05,635 INFO     ___FILE_ONLY___ ═
2023-10-23 13:26:05,667 INFO     ___FILE_ONLY___ ═
2023-10-23 13:26:05,698 INFO     ___FILE_ONLY___ ═
2023-10-23 13:26:05,721 INFO     ___FILE_ONLY___ ═
2023-10-23 13:26:05,741 INFO     ___FILE_ONLY___ ═
2023-10-23 13:26:05,765 INFO     ___FILE_ONLY___ ═
2023-10-23 13:26:05,789 INFO     ___FILE_ONLY___ ═
2023-10-23 13:26:05,816 INFO     ___FILE_ONLY___ ═
2023-10-23 13:26:05,845 INFO     ___FILE_ONLY___ ═
2023-10-23 13:26:05,872 INFO     ___FILE_ONLY___ ═
2023-10-23 13:26:05,896 INFO     ___FILE_ONLY___ ═
2023-10-23 13:26:05,944 INFO     ___FILE_ONLY___ ═
2023-10-23 13:26:05,971 INFO     ___FILE_ONLY___ ═
2023-10-23 13:26:06,000 INFO     ___FILE_ONLY___ ═
2023-10-23 13:26:06,020 INFO     ___FILE_ONLY___ ═
2023-10-23 13:26:06,041 INFO     ___FILE_ONLY___ ═
2023-10-23 13:26:06,064 INFO     ___FILE_ONLY___ ═
2023-10-23 13:26:06,086 INFO     ___FILE_ONLY___ ═
2023-10-23 13:26:06,087 INFO     ___FILE_ONLY___ ╝

2023-10-23 13:26:06,164 INFO     ___FILE_ONLY___ ╔════════════════════════════════════════════════════════════╗

2023-10-23 13:26:06,164 INFO     ___FILE_ONLY___ ╠═ Installing: Cloud Storage Command Line Tool (Platform... ═╣

2023-10-23 13:26:06,164 INFO     ___FILE_ONLY___ ╚
2023-10-23 13:26:06,168 DEBUG    urllib3.connectionpool Starting new HTTPS connection (1): dl.google.com:443
2023-10-23 13:26:06,328 DEBUG    urllib3.connectionpool https://dl.google.com:443 "GET /dl/cloudsdk/channels/rapid/components/google-cloud-sdk-gsutil-nix-20230915145114.tar.gz HTTP/1.1" 200 1955
2023-10-23 13:26:06,329 INFO     ___FILE_ONLY___ ══════════════════════════════
2023-10-23 13:26:06,330 INFO     ___FILE_ONLY___ ══════════════════════════════
2023-10-23 13:26:06,330 INFO     ___FILE_ONLY___ ╝

2023-10-23 13:26:06,340 INFO     ___FILE_ONLY___ ╔════════════════════════════════════════════════════════════╗

2023-10-23 13:26:06,340 INFO     ___FILE_ONLY___ ╠═ Installing: Default set of gcloud commands               ═╣

2023-10-23 13:26:06,340 INFO     ___FILE_ONLY___ ╚
2023-10-23 13:26:06,345 INFO     ___FILE_ONLY___ ════════════════════════════════════════════════════════════
2023-10-23 13:26:06,345 INFO     ___FILE_ONLY___ ╝

2023-10-23 13:26:06,347 INFO     ___FILE_ONLY___ ╔════════════════════════════════════════════════════════════╗

2023-10-23 13:26:06,347 INFO     ___FILE_ONLY___ ╠═ Installing: Google Cloud CLI Core Libraries (Platform... ═╣

2023-10-23 13:26:06,348 INFO     ___FILE_ONLY___ ╚
2023-10-23 13:26:06,351 DEBUG    urllib3.connectionpool Starting new HTTPS connection (1): dl.google.com:443
2023-10-23 13:26:06,505 DEBUG    urllib3.connectionpool https://dl.google.com:443 "GET /dl/cloudsdk/channels/rapid/components/google-cloud-sdk-core-nix-20230915145114.tar.gz HTTP/1.1" 200 2319
2023-10-23 13:26:06,505 INFO     ___FILE_ONLY___ ══════════════════════════════
2023-10-23 13:26:06,507 INFO     ___FILE_ONLY___ ═══════════════
2023-10-23 13:26:06,507 INFO     ___FILE_ONLY___ ═══════════════
2023-10-23 13:26:06,507 INFO     ___FILE_ONLY___ ╝

2023-10-23 13:26:06,517 INFO     ___FILE_ONLY___ ╔════════════════════════════════════════════════════════════╗

2023-10-23 13:26:06,517 INFO     ___FILE_ONLY___ ╠═ Installing: Google Cloud CRC32C Hash Tool                ═╣

2023-10-23 13:26:06,517 INFO     ___FILE_ONLY___ ╚
2023-10-23 13:26:06,522 INFO     ___FILE_ONLY___ ════════════════════════════════════════════════════════════
2023-10-23 13:26:06,523 INFO     ___FILE_ONLY___ ╝

2023-10-23 13:26:06,525 INFO     ___FILE_ONLY___ ╔════════════════════════════════════════════════════════════╗

2023-10-23 13:26:06,525 INFO     ___FILE_ONLY___ ╠═ Installing: Google Cloud CRC32C Hash Tool                ═╣

2023-10-23 13:26:06,525 INFO     ___FILE_ONLY___ ╚
2023-10-23 13:26:06,529 DEBUG    urllib3.connectionpool Starting new HTTPS connection (1): dl.google.com:443
2023-10-23 13:26:06,684 DEBUG    urllib3.connectionpool https://dl.google.com:443 "GET /dl/cloudsdk/channels/rapid/components/google-cloud-sdk-gcloud-crc32c-linux-x86_64-20230922151743.tar.gz HTTP/1.1" 200 1288666
2023-10-23 13:26:06,744 INFO     ___FILE_ONLY___ ═
2023-10-23 13:26:06,744 INFO     ___FILE_ONLY___ ═
2023-10-23 13:26:06,744 INFO     ___FILE_ONLY___ ═
2023-10-23 13:26:06,744 INFO     ___FILE_ONLY___ ═
2023-10-23 13:26:06,745 INFO     ___FILE_ONLY___ ═
2023-10-23 13:26:06,745 INFO     ___FILE_ONLY___ ═
2023-10-23 13:26:06,745 INFO     ___FILE_ONLY___ ═
2023-10-23 13:26:06,745 INFO     ___FILE_ONLY___ ═
2023-10-23 13:26:06,745 INFO     ___FILE_ONLY___ ═
2023-10-23 13:26:06,745 INFO     ___FILE_ONLY___ ═
2023-10-23 13:26:06,745 INFO     ___FILE_ONLY___ ═
2023-10-23 13:26:06,746 INFO     ___FILE_ONLY___ ═
2023-10-23 13:26:06,746 INFO     ___FILE_ONLY___ ═
2023-10-23 13:26:06,746 INFO     ___FILE_ONLY___ ═
2023-10-23 13:26:06,746 INFO     ___FILE_ONLY___ ═
2023-10-23 13:26:06,746 INFO     ___FILE_ONLY___ ═
2023-10-23 13:26:06,746 INFO     ___FILE_ONLY___ ═
2023-10-23 13:26:06,746 INFO     ___FILE_ONLY___ ═
2023-10-23 13:26:06,747 INFO     ___FILE_ONLY___ ═
2023-10-23 13:26:06,747 INFO     ___FILE_ONLY___ ═
2023-10-23 13:26:06,747 INFO     ___FILE_ONLY___ ═
2023-10-23 13:26:06,747 INFO     ___FILE_ONLY___ ═
2023-10-23 13:26:06,747 INFO     ___FILE_ONLY___ ═
2023-10-23 13:26:06,747 INFO     ___FILE_ONLY___ ═
2023-10-23 13:26:06,747 INFO     ___FILE_ONLY___ ═
2023-10-23 13:26:06,747 INFO     ___FILE_ONLY___ ═
2023-10-23 13:26:06,748 INFO     ___FILE_ONLY___ ═
2023-10-23 13:26:06,748 INFO     ___FILE_ONLY___ ═
2023-10-23 13:26:06,748 INFO     ___FILE_ONLY___ ═
2023-10-23 13:26:06,748 INFO     ___FILE_ONLY___ ═
2023-10-23 13:26:06,782 INFO     ___FILE_ONLY___ ═══════════════
2023-10-23 13:26:06,782 INFO     ___FILE_ONLY___ ═══════════════
2023-10-23 13:26:06,782 INFO     ___FILE_ONLY___ ╝

2023-10-23 13:26:06,792 INFO     ___FILE_ONLY___ ╔════════════════════════════════════════════════════════════╗

2023-10-23 13:26:06,792 INFO     ___FILE_ONLY___ ╠═ Installing: anthoscli                                    ═╣

2023-10-23 13:26:06,792 INFO     ___FILE_ONLY___ ╚
2023-10-23 13:26:06,797 DEBUG    urllib3.connectionpool Starting new HTTPS connection (1): dl.google.com:443
2023-10-23 13:26:06,957 DEBUG    urllib3.connectionpool https://dl.google.com:443 "GET /dl/cloudsdk/channels/rapid/components/google-cloud-sdk-anthoscli-linux-x86_64-20230915145114.tar.gz HTTP/1.1" 200 72006203
2023-10-23 13:26:07,516 INFO     ___FILE_ONLY___ ═
2023-10-23 13:26:07,519 INFO     ___FILE_ONLY___ ═
2023-10-23 13:26:07,522 INFO     ___FILE_ONLY___ ═
2023-10-23 13:26:07,526 INFO     ___FILE_ONLY___ ═
2023-10-23 13:26:07,529 INFO     ___FILE_ONLY___ ═
2023-10-23 13:26:07,532 INFO     ___FILE_ONLY___ ═
2023-10-23 13:26:07,535 INFO     ___FILE_ONLY___ ═
2023-10-23 13:26:07,538 INFO     ___FILE_ONLY___ ═
2023-10-23 13:26:07,541 INFO     ___FILE_ONLY___ ═
2023-10-23 13:26:07,544 INFO     ___FILE_ONLY___ ═
2023-10-23 13:26:07,547 INFO     ___FILE_ONLY___ ═
2023-10-23 13:26:07,550 INFO     ___FILE_ONLY___ ═
2023-10-23 13:26:07,553 INFO     ___FILE_ONLY___ ═
2023-10-23 13:26:07,556 INFO     ___FILE_ONLY___ ═
2023-10-23 13:26:07,559 INFO     ___FILE_ONLY___ ═
2023-10-23 13:26:07,563 INFO     ___FILE_ONLY___ ═
2023-10-23 13:26:07,566 INFO     ___FILE_ONLY___ ═
2023-10-23 13:26:07,569 INFO     ___FILE_ONLY___ ═
2023-10-23 13:26:07,572 INFO     ___FILE_ONLY___ ═
2023-10-23 13:26:07,575 INFO     ___FILE_ONLY___ ═
2023-10-23 13:26:07,578 INFO     ___FILE_ONLY___ ═
2023-10-23 13:26:07,581 INFO     ___FILE_ONLY___ ═
2023-10-23 13:26:07,584 INFO     ___FILE_ONLY___ ═
2023-10-23 13:26:07,587 INFO     ___FILE_ONLY___ ═
2023-10-23 13:26:07,590 INFO     ___FILE_ONLY___ ═
2023-10-23 13:26:07,594 INFO     ___FILE_ONLY___ ═
2023-10-23 13:26:07,597 INFO     ___FILE_ONLY___ ═
2023-10-23 13:26:07,600 INFO     ___FILE_ONLY___ ═
2023-10-23 13:26:07,603 INFO     ___FILE_ONLY___ ═
2023-10-23 13:26:07,606 INFO     ___FILE_ONLY___ ═
2023-10-23 13:26:09,863 INFO     ___FILE_ONLY___ ══════════
2023-10-23 13:26:09,869 INFO     ___FILE_ONLY___ ═════════
2023-10-23 13:26:09,895 INFO     ___FILE_ONLY___ ═══════════
2023-10-23 13:26:09,895 INFO     ___FILE_ONLY___ ╝

2023-10-23 13:26:09,918 INFO     ___FILE_ONLY___ ╔════════════════════════════════════════════════════════════╗

2023-10-23 13:26:09,918 INFO     ___FILE_ONLY___ ╠═ Installing: anthoscli                                    ═╣

2023-10-23 13:26:09,918 INFO     ___FILE_ONLY___ ╚
2023-10-23 13:26:09,924 INFO     ___FILE_ONLY___ ════════════════════════════════════════════════════════════
2023-10-23 13:26:09,924 INFO     ___FILE_ONLY___ ╝

2023-10-23 13:26:09,926 INFO     ___FILE_ONLY___ ╔════════════════════════════════════════════════════════════╗

2023-10-23 13:26:09,926 INFO     ___FILE_ONLY___ ╠═ Installing: gcloud cli dependencies                      ═╣

2023-10-23 13:26:09,926 INFO     ___FILE_ONLY___ ╚
2023-10-23 13:26:09,930 DEBUG    urllib3.connectionpool Starting new HTTPS connection (1): dl.google.com:443
2023-10-23 13:26:10,083 DEBUG    urllib3.connectionpool https://dl.google.com:443 "GET /dl/cloudsdk/channels/rapid/components/google-cloud-sdk-gcloud-deps-linux-x86_64-20210416153011.tar.gz HTTP/1.1" 200 104
2023-10-23 13:26:10,084 INFO     ___FILE_ONLY___ ══════════════════════════════
2023-10-23 13:26:10,085 INFO     ___FILE_ONLY___ ══════════════════════════════
2023-10-23 13:26:10,085 INFO     ___FILE_ONLY___ ╝

2023-10-23 13:26:10,094 INFO     ___FILE_ONLY___ ╔════════════════════════════════════════════════════════════╗

2023-10-23 13:26:10,095 INFO     ___FILE_ONLY___ ╠═ Creating backup and activating new installation          ═╣

2023-10-23 13:26:10,095 INFO     ___FILE_ONLY___ ╚
2023-10-23 13:26:10,095 DEBUG    root            Attempting to move directory [/tools/google-cloud-sdk] to [/tools/google-cloud-sdk.staging/.install/.backup]
2023-10-23 13:26:10,095 INFO     ___FILE_ONLY___ ══════════════════════════════
2023-10-23 13:26:10,095 DEBUG    root            Attempting to move directory [/tools/google-cloud-sdk.staging] to [/tools/google-cloud-sdk]
2023-10-23 13:26:10,095 INFO     ___FILE_ONLY___ ══════════════════════════════
2023-10-23 13:26:10,095 INFO     ___FILE_ONLY___ ╝

2023-10-23 13:26:10,100 DEBUG    root            Updating notification cache...
2023-10-23 13:26:10,100 INFO     ___FILE_ONLY___ 

2023-10-23 13:26:10,102 INFO     ___FILE_ONLY___ Performing post processing steps...
2023-10-23 13:26:10,103 DEBUG    root            Executing command: ['python3', '-S', '/tools/google-cloud-sdk/lib/gcloud.py', 'components', 'post-process']
2023-10-23 13:26:19,285 DEBUG    ___FILE_ONLY___ 
2023-10-23 13:26:19,285 DEBUG    ___FILE_ONLY___ 
2023-10-23 13:26:19,367 INFO     ___FILE_ONLY___ 
Update done!


2023-10-23 13:26:19,371 DEBUG    root            Chosen display Format:none
2023-10-23 13:26:19,372 INFO     root            Display format: "none"
